{
  "stats": {
    "suites": 2,
    "tests": 5,
    "passes": 5,
    "pending": 0,
    "failures": 0,
    "start": "2024-02-21T17:58:21.376Z",
    "end": "2024-02-21T17:58:56.977Z",
    "duration": 35601,
    "testsRegistered": 5,
    "passPercent": 100,
    "pendingPercent": 0,
    "other": 0,
    "hasOther": false,
    "skipped": 0,
    "hasSkipped": false
  },
  "results": [
    {
      "uuid": "3d13ed45-1b37-483c-822b-67c3e235cab0",
      "title": "",
      "fullFile": "cypress\\integration\\e2e-tests\\quickQuotePage.cy.js",
      "file": "cypress\\integration\\e2e-tests\\quickQuotePage.cy.js",
      "beforeHooks": [],
      "afterHooks": [],
      "tests": [],
      "suites": [
        {
          "uuid": "453cfb1b-fb0d-4677-9c3b-c97a9a8e67b0",
          "title": "Test cookies",
          "fullFile": "",
          "file": "",
          "beforeHooks": [],
          "afterHooks": [],
          "tests": [
            {
              "title": "Check if cookie popup is appeared",
              "fullTitle": "Test cookies Check if cookie popup is appeared",
              "timedOut": null,
              "duration": 3098,
              "state": "passed",
              "speed": "fast",
              "pass": true,
              "fail": false,
              "pending": false,
              "context": null,
              "code": "cy.cookiePopup();",
              "err": {},
              "uuid": "149e9dc6-edcd-4e7e-909d-28dc2a74ab78",
              "parentUUID": "453cfb1b-fb0d-4677-9c3b-c97a9a8e67b0",
              "isHook": false,
              "skipped": false
            },
            {
              "title": "Select customize cookies",
              "fullTitle": "Test cookies Select customize cookies",
              "timedOut": null,
              "duration": 3249,
              "state": "passed",
              "speed": "fast",
              "pass": true,
              "fail": false,
              "pending": false,
              "context": null,
              "code": "cy.customizeCookies();\ncy.verifyCustsomizedCookies();",
              "err": {},
              "uuid": "cb25a078-af54-4134-b17e-c3f6329d6170",
              "parentUUID": "453cfb1b-fb0d-4677-9c3b-c97a9a8e67b0",
              "isHook": false,
              "skipped": false
            },
            {
              "title": "Accept all cookies",
              "fullTitle": "Test cookies Accept all cookies",
              "timedOut": null,
              "duration": 2605,
              "state": "passed",
              "speed": "fast",
              "pass": true,
              "fail": false,
              "pending": false,
              "context": null,
              "code": "cy.acceptCookies();\ncy.verifyAcceptedCookies();",
              "err": {},
              "uuid": "8e040ae2-1439-4bd3-adef-89e278106558",
              "parentUUID": "453cfb1b-fb0d-4677-9c3b-c97a9a8e67b0",
              "isHook": false,
              "skipped": false
            },
            {
              "title": "Reject all cookies",
              "fullTitle": "Test cookies Reject all cookies",
              "timedOut": null,
              "duration": 1801,
              "state": "passed",
              "speed": "fast",
              "pass": true,
              "fail": false,
              "pending": false,
              "context": null,
              "code": "cy.rejectCookies();\ncy.verifyRejectedCookies();",
              "err": {},
              "uuid": "e9193e80-02a9-4058-af5a-60eb47ba5ebb",
              "parentUUID": "453cfb1b-fb0d-4677-9c3b-c97a9a8e67b0",
              "isHook": false,
              "skipped": false
            }
          ],
          "suites": [],
          "passes": [
            "149e9dc6-edcd-4e7e-909d-28dc2a74ab78",
            "cb25a078-af54-4134-b17e-c3f6329d6170",
            "8e040ae2-1439-4bd3-adef-89e278106558",
            "e9193e80-02a9-4058-af5a-60eb47ba5ebb"
          ],
          "failures": [],
          "pending": [],
          "skipped": [],
          "duration": 10753,
          "root": false,
          "rootEmpty": false,
          "_timeout": 2000
        },
        {
          "uuid": "94a64465-3975-4639-9d4e-2557928ebc5a",
          "title": "Test the quote process",
          "fullFile": "",
          "file": "",
          "beforeHooks": [],
          "afterHooks": [],
          "tests": [
            {
              "title": "E2E",
              "fullTitle": "Test the quote process E2E",
              "timedOut": null,
              "duration": 24322,
              "state": "passed",
              "speed": "slow",
              "pass": true,
              "fail": false,
              "pending": false,
              "context": null,
              "code": "//CAR PAGE//\n//Accept all cookies and type plate number\ncy.addPlateNumber();\n//Check if all relevant car data appeared on the page\ncy.checkCarData();\n//Verify modification YES/NO buttons + YES --> additional options appeared\ncy.carModifications();\n//Confirm purchase date + NO --> additional input field appeared\ncy.carHistory();\n//Check legal owner dropdown menu\ncy.carLegalOwner();\n//Check car keeper dropdown menu\ncy.carKeeper();\n//Verify that car parking near home if NO --> postal code can be added \ncy.carHomeParking();\n//Type estimated mileage\ncy.carEstimatedMileage();\n//Click on continue button\ncy.carClickContinue();\n//DRIVER PAGE\n//Select name title and type first and last name\ncy.driverName();\n//Type birthday\ncy.driverBirthday();\n//Answer the question, if NO --> additional dropdown\ncy.driverInUk();\n//Select number of kids\ncy.driverHasKids();\n//Provide postcode and check the address\ncy.driverAddress();\n//Add email and phone number\ncy.driverContact();\n//Accept email marketing\ncy.driverMarketing();\n//Add employment status\ncy.driverEmployment();\n//Select licence type and years of having licence\ncy.driverLicence();\n//Confirm medical condition, if YES --> is it a known issue\ncy.driverMedicalCondition();\n//Add an incident\ncy.driverInchident();\n//Select no convictions\ncy.driverConvictions();\n//Add an extra driver\ncy.driverAdd();\n//Delete the extra driver\ncy.driverDelete();\n//Click on continue\ncy.driverClickContinue();\n//COVER PAGE\n//Select start date by calculate today + 5 days\n//Excess cover with money\n//Select payment frequency\n//Check renewal input\ncy.cover();",
              "err": {},
              "uuid": "9dc91aff-1e02-4aea-b4f5-d4e3e49557e2",
              "parentUUID": "94a64465-3975-4639-9d4e-2557928ebc5a",
              "isHook": false,
              "skipped": false
            }
          ],
          "suites": [],
          "passes": [
            "9dc91aff-1e02-4aea-b4f5-d4e3e49557e2"
          ],
          "failures": [],
          "pending": [],
          "skipped": [],
          "duration": 24322,
          "root": false,
          "rootEmpty": false,
          "_timeout": 2000
        }
      ],
      "passes": [],
      "failures": [],
      "pending": [],
      "skipped": [],
      "duration": 0,
      "root": true,
      "rootEmpty": true,
      "_timeout": 2000
    }
  ],
  "meta": {
    "mocha": {
      "version": "7.0.1"
    },
    "mochawesome": {
      "options": {
        "quiet": false,
        "reportFilename": "NewReportFile-[datetime]",
        "saveHtml": true,
        "saveJson": true,
        "consoleReporter": "spec",
        "useInlineDiffs": false,
        "code": true
      },
      "version": "7.1.3"
    },
    "marge": {
      "options": {
        "reportDir": "cypress/reports/mochawesome",
        "reportFilename": "NewReportFile-[datetime]",
        "timestamp": "longDate",
        "overwrite": false,
        "html": true,
        "json": true
      },
      "version": "6.2.0"
    }
  }
}